[DEBUG] 2022-06-10 00:17:08.027 [main] PackageRelationshipCollection - Parsing relationship: /xl/_rels/workbook.xml.rels
[DEBUG] 2022-06-10 00:17:08.260 [main] PackageRelationshipCollection - Parsing relationship: /_rels/.rels
[TRACE] 2022-06-10 00:17:09.265 [main] XBeanDebug - Loading type system org.apache.poi.schemas.ooxml.system.ooxml
[TRACE] 2022-06-10 00:17:09.283 [main] XBeanDebug - Loading type system org.apache.xmlbeans.metadata.system.sXMLCONFIG
[TRACE] 2022-06-10 00:17:09.293 [main] XBeanDebug - Loading type system org.apache.xmlbeans.metadata.system.sXMLLANG
[TRACE] 2022-06-10 00:17:09.302 [main] XBeanDebug - Loading type system org.apache.xmlbeans.metadata.system.sXMLSCHEMA
[TRACE] 2022-06-10 00:17:09.310 [main] XBeanDebug - Loading type system org.apache.xmlbeans.metadata.system.sXMLTOOLS
[TRACE] 2022-06-10 00:17:09.322 [main] XBeanDebug - Reading unresolved handles for type system org.apache.xmlbeans.metadata.system.sXMLTOOLS
[TRACE] 2022-06-10 00:17:09.405 [main] XBeanDebug - Finished loading type system org.apache.xmlbeans.metadata.system.sXMLTOOLS
[TRACE] 2022-06-10 00:17:09.409 [main] XBeanDebug - Reading unresolved handles for type system org.apache.xmlbeans.metadata.system.sXMLSCHEMA
[TRACE] 2022-06-10 00:17:09.453 [main] XBeanDebug - Finished loading type system org.apache.xmlbeans.metadata.system.sXMLSCHEMA
[TRACE] 2022-06-10 00:17:09.458 [main] XBeanDebug - Reading unresolved handles for type system org.apache.xmlbeans.metadata.system.sXMLLANG
[TRACE] 2022-06-10 00:17:09.465 [main] XBeanDebug - Finished loading type system org.apache.xmlbeans.metadata.system.sXMLLANG
[TRACE] 2022-06-10 00:17:09.469 [main] XBeanDebug - Reading unresolved handles for type system org.apache.xmlbeans.metadata.system.sXMLCONFIG
[TRACE] 2022-06-10 00:17:09.495 [main] XBeanDebug - Finished loading type system org.apache.xmlbeans.metadata.system.sXMLCONFIG
[TRACE] 2022-06-10 00:17:09.504 [main] XBeanDebug - Reading unresolved handles for type system org.apache.poi.schemas.ooxml.system.ooxml
[TRACE] 2022-06-10 00:17:09.769 [main] XBeanDebug - Finished loading type system org.apache.poi.schemas.ooxml.system.ooxml
[TRACE] 2022-06-10 00:17:09.775 [main] XBeanDebug - Resolving type for handle stylesheet5d8bdoctype
[TRACE] 2022-06-10 00:17:10.045 [main] XBeanDebug - Resolving type for handle ctstylesheet4257type
[TRACE] 2022-06-10 00:17:10.063 [main] XBeanDebug - Resolving type for handle ctnumfmtsb58btype
[TRACE] 2022-06-10 00:17:10.074 [main] XBeanDebug - Resolving type for handle ctnumfmt3870type
[TRACE] 2022-06-10 00:17:10.083 [main] XBeanDebug - Resolving type for handle stnumfmtid76fbtype
[TRACE] 2022-06-10 00:17:10.113 [main] XBeanDebug - Resolving type for handle stxstringf179type
[TRACE] 2022-06-10 00:17:10.126 [main] XBeanDebug - Resolving type for handle ctfonts6623type
[TRACE] 2022-06-10 00:17:10.138 [main] XBeanDebug - Resolving type for handle ctfont14d8type
[TRACE] 2022-06-10 00:17:10.169 [main] XBeanDebug - Resolving type for handle ctfills2c6ftype
[TRACE] 2022-06-10 00:17:10.181 [main] XBeanDebug - Resolving type for handle ctfill550ctype
[TRACE] 2022-06-10 00:17:10.195 [main] XBeanDebug - Resolving type for handle ctborders0d66type
[TRACE] 2022-06-10 00:17:10.205 [main] XBeanDebug - Resolving type for handle ctborderf935type
[TRACE] 2022-06-10 00:17:10.220 [main] XBeanDebug - Resolving type for handle ctcellxfs1322type
[TRACE] 2022-06-10 00:17:10.237 [main] XBeanDebug - Resolving type for handle ctxf97f7type
[TRACE] 2022-06-10 00:17:10.250 [main] XBeanDebug - Resolving type for handle ctcellstylexfsa81ftype
[TRACE] 2022-06-10 00:17:10.279 [main] XBeanDebug - Resolving type for handle sstf81fdoctype
[TRACE] 2022-06-10 00:17:10.296 [main] XBeanDebug - Resolving type for handle ctsst44f3type
[TRACE] 2022-06-10 00:17:10.323 [main] XBeanDebug - Resolving type for handle ctrsta472type
[TRACE] 2022-06-10 00:17:10.390 [main] XBeanDebug - Resolving type for handle workbookec17doctype
[TRACE] 2022-06-10 00:17:10.475 [main] XBeanDebug - Resolving type for handle ctworkbook83c3type
[TRACE] 2022-06-10 00:17:10.498 [main] XBeanDebug - Resolving type for handle ctsheets49fdtype
[TRACE] 2022-06-10 00:17:10.512 [main] XBeanDebug - Resolving type for handle ctsheet4dbetype
[TRACE] 2022-06-10 00:17:10.520 [main] XBeanDebug - Resolving type for handle strelationshipid1e94type
[TRACE] 2022-06-10 00:17:10.529 [main] XBeanDebug - Resolving type for handle worksheetf539doctype
[TRACE] 2022-06-10 00:17:10.556 [main] XBeanDebug - Resolving type for handle ctworksheet530dtype
[TRACE] 2022-06-10 00:17:10.583 [main] XBeanDebug - Resolving type for handle ctsheetdata8408type
[TRACE] 2022-06-10 00:17:10.596 [main] XBeanDebug - Resolving type for handle ctrowdd39type
[TRACE] 2022-06-10 00:17:10.615 [main] XBeanDebug - Resolving type for handle ctcell842btype
[TRACE] 2022-06-10 00:17:10.651 [main] XBeanDebug - Resolving type for handle stcellrefe4e0type
[TRACE] 2022-06-10 00:17:10.704 [main] XBeanDebug - Resolving type for handle ctcols627ctype
[TRACE] 2022-06-10 00:17:10.739 [main] XBeanDebug - Resolving type for handle ctcola95ftype
[TRACE] 2022-06-10 00:17:10.911 [main] XBeanDebug - Resolving type for handle stcelltypebf95type
[DEBUG] 2022-06-10 00:17:11.044 [main] PackageRelationshipCollection - Parsing relationship: /xl/_rels/workbook.xml.rels
[DEBUG] 2022-06-10 00:17:11.062 [main] PackageRelationshipCollection - Parsing relationship: /_rels/.rels
[DEBUG] 2022-06-10 00:49:34.378 [main] PackageRelationshipCollection - Parsing relationship: /xl/_rels/workbook.xml.rels
[DEBUG] 2022-06-10 00:49:34.430 [main] PackageRelationshipCollection - Parsing relationship: /_rels/.rels
[TRACE] 2022-06-10 00:49:35.430 [main] XBeanDebug - Loading type system org.apache.poi.schemas.ooxml.system.ooxml
[TRACE] 2022-06-10 00:49:35.458 [main] XBeanDebug - Loading type system org.apache.xmlbeans.metadata.system.sXMLCONFIG
[TRACE] 2022-06-10 00:49:35.467 [main] XBeanDebug - Loading type system org.apache.xmlbeans.metadata.system.sXMLLANG
[TRACE] 2022-06-10 00:49:35.477 [main] XBeanDebug - Loading type system org.apache.xmlbeans.metadata.system.sXMLSCHEMA
[TRACE] 2022-06-10 00:49:35.486 [main] XBeanDebug - Loading type system org.apache.xmlbeans.metadata.system.sXMLTOOLS
[TRACE] 2022-06-10 00:49:35.502 [main] XBeanDebug - Reading unresolved handles for type system org.apache.xmlbeans.metadata.system.sXMLTOOLS
[TRACE] 2022-06-10 00:49:35.570 [main] XBeanDebug - Finished loading type system org.apache.xmlbeans.metadata.system.sXMLTOOLS
[TRACE] 2022-06-10 00:49:35.573 [main] XBeanDebug - Reading unresolved handles for type system org.apache.xmlbeans.metadata.system.sXMLSCHEMA
[TRACE] 2022-06-10 00:49:35.637 [main] XBeanDebug - Finished loading type system org.apache.xmlbeans.metadata.system.sXMLSCHEMA
[TRACE] 2022-06-10 00:49:35.643 [main] XBeanDebug - Reading unresolved handles for type system org.apache.xmlbeans.metadata.system.sXMLLANG
[TRACE] 2022-06-10 00:49:35.652 [main] XBeanDebug - Finished loading type system org.apache.xmlbeans.metadata.system.sXMLLANG
[TRACE] 2022-06-10 00:49:35.656 [main] XBeanDebug - Reading unresolved handles for type system org.apache.xmlbeans.metadata.system.sXMLCONFIG
[TRACE] 2022-06-10 00:49:35.661 [main] XBeanDebug - Finished loading type system org.apache.xmlbeans.metadata.system.sXMLCONFIG
[TRACE] 2022-06-10 00:49:35.668 [main] XBeanDebug - Reading unresolved handles for type system org.apache.poi.schemas.ooxml.system.ooxml
[TRACE] 2022-06-10 00:49:35.951 [main] XBeanDebug - Finished loading type system org.apache.poi.schemas.ooxml.system.ooxml
[TRACE] 2022-06-10 00:49:35.956 [main] XBeanDebug - Resolving type for handle stylesheet5d8bdoctype
[TRACE] 2022-06-10 00:49:36.200 [main] XBeanDebug - Resolving type for handle ctstylesheet4257type
[TRACE] 2022-06-10 00:49:36.220 [main] XBeanDebug - Resolving type for handle ctnumfmtsb58btype
[TRACE] 2022-06-10 00:49:36.231 [main] XBeanDebug - Resolving type for handle ctnumfmt3870type
[TRACE] 2022-06-10 00:49:36.238 [main] XBeanDebug - Resolving type for handle stnumfmtid76fbtype
[TRACE] 2022-06-10 00:49:36.297 [main] XBeanDebug - Resolving type for handle stxstringf179type
[TRACE] 2022-06-10 00:49:36.318 [main] XBeanDebug - Resolving type for handle ctfonts6623type
[TRACE] 2022-06-10 00:49:36.333 [main] XBeanDebug - Resolving type for handle ctfont14d8type
[TRACE] 2022-06-10 00:49:36.384 [main] XBeanDebug - Resolving type for handle ctfills2c6ftype
[TRACE] 2022-06-10 00:49:36.399 [main] XBeanDebug - Resolving type for handle ctfill550ctype
[TRACE] 2022-06-10 00:49:36.414 [main] XBeanDebug - Resolving type for handle ctborders0d66type
[TRACE] 2022-06-10 00:49:36.425 [main] XBeanDebug - Resolving type for handle ctborderf935type
[TRACE] 2022-06-10 00:49:36.439 [main] XBeanDebug - Resolving type for handle ctcellxfs1322type
[TRACE] 2022-06-10 00:49:36.454 [main] XBeanDebug - Resolving type for handle ctxf97f7type
[TRACE] 2022-06-10 00:49:36.478 [main] XBeanDebug - Resolving type for handle ctcellstylexfsa81ftype
[TRACE] 2022-06-10 00:49:36.504 [main] XBeanDebug - Resolving type for handle sstf81fdoctype
[TRACE] 2022-06-10 00:49:36.523 [main] XBeanDebug - Resolving type for handle ctsst44f3type
[TRACE] 2022-06-10 00:49:36.544 [main] XBeanDebug - Resolving type for handle ctrsta472type
[TRACE] 2022-06-10 00:49:36.622 [main] XBeanDebug - Resolving type for handle workbookec17doctype
[TRACE] 2022-06-10 00:49:36.692 [main] XBeanDebug - Resolving type for handle ctworkbook83c3type
[TRACE] 2022-06-10 00:49:36.715 [main] XBeanDebug - Resolving type for handle ctsheets49fdtype
[TRACE] 2022-06-10 00:49:36.726 [main] XBeanDebug - Resolving type for handle ctsheet4dbetype
[TRACE] 2022-06-10 00:49:36.735 [main] XBeanDebug - Resolving type for handle strelationshipid1e94type
[TRACE] 2022-06-10 00:49:36.743 [main] XBeanDebug - Resolving type for handle worksheetf539doctype
[TRACE] 2022-06-10 00:49:36.766 [main] XBeanDebug - Resolving type for handle ctworksheet530dtype
[TRACE] 2022-06-10 00:49:36.802 [main] XBeanDebug - Resolving type for handle ctsheetdata8408type
[TRACE] 2022-06-10 00:49:36.813 [main] XBeanDebug - Resolving type for handle ctrowdd39type
[TRACE] 2022-06-10 00:49:36.832 [main] XBeanDebug - Resolving type for handle ctcell842btype
[TRACE] 2022-06-10 00:49:36.858 [main] XBeanDebug - Resolving type for handle stcellrefe4e0type
[TRACE] 2022-06-10 00:49:36.892 [main] XBeanDebug - Resolving type for handle ctcols627ctype
[TRACE] 2022-06-10 00:49:36.924 [main] XBeanDebug - Resolving type for handle ctcola95ftype
[TRACE] 2022-06-10 00:49:37.059 [main] XBeanDebug - Resolving type for handle stcelltypebf95type
[DEBUG] 2022-06-10 19:33:36.714 [main] PackageRelationshipCollection - Parsing relationship: /xl/_rels/workbook.xml.rels
[DEBUG] 2022-06-10 19:33:36.848 [main] PackageRelationshipCollection - Parsing relationship: /_rels/.rels
[TRACE] 2022-06-10 19:33:37.832 [main] XBeanDebug - Loading type system org.apache.poi.schemas.ooxml.system.ooxml
[TRACE] 2022-06-10 19:33:37.849 [main] XBeanDebug - Loading type system org.apache.xmlbeans.metadata.system.sXMLCONFIG
[TRACE] 2022-06-10 19:33:37.857 [main] XBeanDebug - Loading type system org.apache.xmlbeans.metadata.system.sXMLLANG
[TRACE] 2022-06-10 19:33:37.866 [main] XBeanDebug - Loading type system org.apache.xmlbeans.metadata.system.sXMLSCHEMA
[TRACE] 2022-06-10 19:33:37.874 [main] XBeanDebug - Loading type system org.apache.xmlbeans.metadata.system.sXMLTOOLS
[TRACE] 2022-06-10 19:33:37.884 [main] XBeanDebug - Reading unresolved handles for type system org.apache.xmlbeans.metadata.system.sXMLTOOLS
[TRACE] 2022-06-10 19:33:37.979 [main] XBeanDebug - Finished loading type system org.apache.xmlbeans.metadata.system.sXMLTOOLS
[TRACE] 2022-06-10 19:33:37.984 [main] XBeanDebug - Reading unresolved handles for type system org.apache.xmlbeans.metadata.system.sXMLSCHEMA
[TRACE] 2022-06-10 19:33:38.059 [main] XBeanDebug - Finished loading type system org.apache.xmlbeans.metadata.system.sXMLSCHEMA
[TRACE] 2022-06-10 19:33:38.068 [main] XBeanDebug - Reading unresolved handles for type system org.apache.xmlbeans.metadata.system.sXMLLANG
[TRACE] 2022-06-10 19:33:38.076 [main] XBeanDebug - Finished loading type system org.apache.xmlbeans.metadata.system.sXMLLANG
[TRACE] 2022-06-10 19:33:38.080 [main] XBeanDebug - Reading unresolved handles for type system org.apache.xmlbeans.metadata.system.sXMLCONFIG
[TRACE] 2022-06-10 19:33:38.087 [main] XBeanDebug - Finished loading type system org.apache.xmlbeans.metadata.system.sXMLCONFIG
[TRACE] 2022-06-10 19:33:38.093 [main] XBeanDebug - Reading unresolved handles for type system org.apache.poi.schemas.ooxml.system.ooxml
[TRACE] 2022-06-10 19:33:38.341 [main] XBeanDebug - Finished loading type system org.apache.poi.schemas.ooxml.system.ooxml
[TRACE] 2022-06-10 19:33:38.348 [main] XBeanDebug - Resolving type for handle stylesheet5d8bdoctype
[TRACE] 2022-06-10 19:33:38.603 [main] XBeanDebug - Resolving type for handle ctstylesheet4257type
[TRACE] 2022-06-10 19:33:38.622 [main] XBeanDebug - Resolving type for handle ctnumfmtsb58btype
[TRACE] 2022-06-10 19:33:38.633 [main] XBeanDebug - Resolving type for handle ctnumfmt3870type
[TRACE] 2022-06-10 19:33:38.639 [main] XBeanDebug - Resolving type for handle stnumfmtid76fbtype
[TRACE] 2022-06-10 19:33:38.668 [main] XBeanDebug - Resolving type for handle stxstringf179type
[TRACE] 2022-06-10 19:33:38.677 [main] XBeanDebug - Resolving type for handle ctfonts6623type
[TRACE] 2022-06-10 19:33:38.690 [main] XBeanDebug - Resolving type for handle ctfont14d8type
[TRACE] 2022-06-10 19:33:38.717 [main] XBeanDebug - Resolving type for handle ctfills2c6ftype
[TRACE] 2022-06-10 19:33:38.734 [main] XBeanDebug - Resolving type for handle ctfill550ctype
[TRACE] 2022-06-10 19:33:38.743 [main] XBeanDebug - Resolving type for handle ctborders0d66type
[TRACE] 2022-06-10 19:33:38.754 [main] XBeanDebug - Resolving type for handle ctborderf935type
[TRACE] 2022-06-10 19:33:38.780 [main] XBeanDebug - Resolving type for handle ctcellxfs1322type
[TRACE] 2022-06-10 19:33:38.803 [main] XBeanDebug - Resolving type for handle ctxf97f7type
[TRACE] 2022-06-10 19:33:38.828 [main] XBeanDebug - Resolving type for handle ctcellstylexfsa81ftype
[TRACE] 2022-06-10 19:33:38.893 [main] XBeanDebug - Resolving type for handle sstf81fdoctype
[TRACE] 2022-06-10 19:33:38.937 [main] XBeanDebug - Resolving type for handle ctsst44f3type
[TRACE] 2022-06-10 19:33:38.976 [main] XBeanDebug - Resolving type for handle ctrsta472type
[TRACE] 2022-06-10 19:33:39.095 [main] XBeanDebug - Resolving type for handle workbookec17doctype
[TRACE] 2022-06-10 19:33:39.230 [main] XBeanDebug - Resolving type for handle ctworkbook83c3type
[TRACE] 2022-06-10 19:33:39.262 [main] XBeanDebug - Resolving type for handle ctsheets49fdtype
[TRACE] 2022-06-10 19:33:39.277 [main] XBeanDebug - Resolving type for handle ctsheet4dbetype
[TRACE] 2022-06-10 19:33:39.299 [main] XBeanDebug - Resolving type for handle strelationshipid1e94type
[TRACE] 2022-06-10 19:33:39.307 [main] XBeanDebug - Resolving type for handle worksheetf539doctype
[TRACE] 2022-06-10 19:33:39.408 [main] XBeanDebug - Resolving type for handle ctworksheet530dtype
[TRACE] 2022-06-10 19:33:39.461 [main] XBeanDebug - Resolving type for handle ctsheetdata8408type
[TRACE] 2022-06-10 19:33:39.473 [main] XBeanDebug - Resolving type for handle ctrowdd39type
[TRACE] 2022-06-10 19:33:39.500 [main] XBeanDebug - Resolving type for handle ctcell842btype
[TRACE] 2022-06-10 19:33:39.553 [main] XBeanDebug - Resolving type for handle stcellrefe4e0type
[TRACE] 2022-06-10 19:33:39.582 [main] XBeanDebug - Resolving type for handle ctcols627ctype
[TRACE] 2022-06-10 19:33:39.605 [main] XBeanDebug - Resolving type for handle ctcola95ftype
[DEBUG] 2022-06-10 19:34:24.123 [main] PackageRelationshipCollection - Parsing relationship: /xl/_rels/workbook.xml.rels
[DEBUG] 2022-06-10 19:34:24.168 [main] PackageRelationshipCollection - Parsing relationship: /_rels/.rels
[TRACE] 2022-06-10 19:34:25.164 [main] XBeanDebug - Loading type system org.apache.poi.schemas.ooxml.system.ooxml
[TRACE] 2022-06-10 19:34:25.180 [main] XBeanDebug - Loading type system org.apache.xmlbeans.metadata.system.sXMLCONFIG
[TRACE] 2022-06-10 19:34:25.188 [main] XBeanDebug - Loading type system org.apache.xmlbeans.metadata.system.sXMLLANG
[TRACE] 2022-06-10 19:34:25.196 [main] XBeanDebug - Loading type system org.apache.xmlbeans.metadata.system.sXMLSCHEMA
[TRACE] 2022-06-10 19:34:25.204 [main] XBeanDebug - Loading type system org.apache.xmlbeans.metadata.system.sXMLTOOLS
[TRACE] 2022-06-10 19:34:25.215 [main] XBeanDebug - Reading unresolved handles for type system org.apache.xmlbeans.metadata.system.sXMLTOOLS
[TRACE] 2022-06-10 19:34:25.292 [main] XBeanDebug - Finished loading type system org.apache.xmlbeans.metadata.system.sXMLTOOLS
[TRACE] 2022-06-10 19:34:25.295 [main] XBeanDebug - Reading unresolved handles for type system org.apache.xmlbeans.metadata.system.sXMLSCHEMA
[TRACE] 2022-06-10 19:34:25.353 [main] XBeanDebug - Finished loading type system org.apache.xmlbeans.metadata.system.sXMLSCHEMA
[TRACE] 2022-06-10 19:34:25.360 [main] XBeanDebug - Reading unresolved handles for type system org.apache.xmlbeans.metadata.system.sXMLLANG
[TRACE] 2022-06-10 19:34:25.366 [main] XBeanDebug - Finished loading type system org.apache.xmlbeans.metadata.system.sXMLLANG
[TRACE] 2022-06-10 19:34:25.370 [main] XBeanDebug - Reading unresolved handles for type system org.apache.xmlbeans.metadata.system.sXMLCONFIG
[TRACE] 2022-06-10 19:34:25.375 [main] XBeanDebug - Finished loading type system org.apache.xmlbeans.metadata.system.sXMLCONFIG
[TRACE] 2022-06-10 19:34:25.381 [main] XBeanDebug - Reading unresolved handles for type system org.apache.poi.schemas.ooxml.system.ooxml
[TRACE] 2022-06-10 19:34:25.693 [main] XBeanDebug - Finished loading type system org.apache.poi.schemas.ooxml.system.ooxml
[TRACE] 2022-06-10 19:34:25.697 [main] XBeanDebug - Resolving type for handle stylesheet5d8bdoctype
[TRACE] 2022-06-10 19:34:26.026 [main] XBeanDebug - Resolving type for handle ctstylesheet4257type
[TRACE] 2022-06-10 19:34:26.048 [main] XBeanDebug - Resolving type for handle ctnumfmtsb58btype
[TRACE] 2022-06-10 19:34:26.062 [main] XBeanDebug - Resolving type for handle ctnumfmt3870type
[TRACE] 2022-06-10 19:34:26.068 [main] XBeanDebug - Resolving type for handle stnumfmtid76fbtype
[TRACE] 2022-06-10 19:34:26.115 [main] XBeanDebug - Resolving type for handle stxstringf179type
[TRACE] 2022-06-10 19:34:26.134 [main] XBeanDebug - Resolving type for handle ctfonts6623type
[TRACE] 2022-06-10 19:34:26.198 [main] XBeanDebug - Resolving type for handle ctfont14d8type
[TRACE] 2022-06-10 19:34:26.227 [main] XBeanDebug - Resolving type for handle ctfills2c6ftype
[TRACE] 2022-06-10 19:34:26.238 [main] XBeanDebug - Resolving type for handle ctfill550ctype
[TRACE] 2022-06-10 19:34:26.250 [main] XBeanDebug - Resolving type for handle ctborders0d66type
[TRACE] 2022-06-10 19:34:26.260 [main] XBeanDebug - Resolving type for handle ctborderf935type
[TRACE] 2022-06-10 19:34:26.273 [main] XBeanDebug - Resolving type for handle ctcellxfs1322type
[TRACE] 2022-06-10 19:34:26.303 [main] XBeanDebug - Resolving type for handle ctxf97f7type
[TRACE] 2022-06-10 19:34:26.317 [main] XBeanDebug - Resolving type for handle ctcellstylexfsa81ftype
[TRACE] 2022-06-10 19:34:26.338 [main] XBeanDebug - Resolving type for handle sstf81fdoctype
[TRACE] 2022-06-10 19:34:26.365 [main] XBeanDebug - Resolving type for handle ctsst44f3type
[TRACE] 2022-06-10 19:34:26.386 [main] XBeanDebug - Resolving type for handle ctrsta472type
[TRACE] 2022-06-10 19:34:26.452 [main] XBeanDebug - Resolving type for handle workbookec17doctype
[TRACE] 2022-06-10 19:34:26.513 [main] XBeanDebug - Resolving type for handle ctworkbook83c3type
[TRACE] 2022-06-10 19:34:26.533 [main] XBeanDebug - Resolving type for handle ctsheets49fdtype
[TRACE] 2022-06-10 19:34:26.544 [main] XBeanDebug - Resolving type for handle ctsheet4dbetype
[TRACE] 2022-06-10 19:34:26.562 [main] XBeanDebug - Resolving type for handle strelationshipid1e94type
[TRACE] 2022-06-10 19:34:26.571 [main] XBeanDebug - Resolving type for handle worksheetf539doctype
[TRACE] 2022-06-10 19:34:26.598 [main] XBeanDebug - Resolving type for handle ctworksheet530dtype
[TRACE] 2022-06-10 19:34:26.625 [main] XBeanDebug - Resolving type for handle ctsheetdata8408type
[TRACE] 2022-06-10 19:34:26.636 [main] XBeanDebug - Resolving type for handle ctrowdd39type
[TRACE] 2022-06-10 19:34:26.661 [main] XBeanDebug - Resolving type for handle ctcell842btype
[TRACE] 2022-06-10 19:34:26.689 [main] XBeanDebug - Resolving type for handle stcellrefe4e0type
[TRACE] 2022-06-10 19:34:26.718 [main] XBeanDebug - Resolving type for handle ctcols627ctype
[TRACE] 2022-06-10 19:34:26.748 [main] XBeanDebug - Resolving type for handle ctcola95ftype
[DEBUG] 2022-06-10 19:37:06.558 [main] PackageRelationshipCollection - Parsing relationship: /xl/_rels/workbook.xml.rels
[DEBUG] 2022-06-10 19:37:06.609 [main] PackageRelationshipCollection - Parsing relationship: /_rels/.rels
[TRACE] 2022-06-10 19:37:07.638 [main] XBeanDebug - Loading type system org.apache.poi.schemas.ooxml.system.ooxml
[TRACE] 2022-06-10 19:37:07.666 [main] XBeanDebug - Loading type system org.apache.xmlbeans.metadata.system.sXMLCONFIG
[TRACE] 2022-06-10 19:37:07.675 [main] XBeanDebug - Loading type system org.apache.xmlbeans.metadata.system.sXMLLANG
[TRACE] 2022-06-10 19:37:07.695 [main] XBeanDebug - Loading type system org.apache.xmlbeans.metadata.system.sXMLSCHEMA
[TRACE] 2022-06-10 19:37:07.713 [main] XBeanDebug - Loading type system org.apache.xmlbeans.metadata.system.sXMLTOOLS
[TRACE] 2022-06-10 19:37:07.726 [main] XBeanDebug - Reading unresolved handles for type system org.apache.xmlbeans.metadata.system.sXMLTOOLS
[TRACE] 2022-06-10 19:37:07.841 [main] XBeanDebug - Finished loading type system org.apache.xmlbeans.metadata.system.sXMLTOOLS
[TRACE] 2022-06-10 19:37:07.845 [main] XBeanDebug - Reading unresolved handles for type system org.apache.xmlbeans.metadata.system.sXMLSCHEMA
[TRACE] 2022-06-10 19:37:07.893 [main] XBeanDebug - Finished loading type system org.apache.xmlbeans.metadata.system.sXMLSCHEMA
[TRACE] 2022-06-10 19:37:07.898 [main] XBeanDebug - Reading unresolved handles for type system org.apache.xmlbeans.metadata.system.sXMLLANG
[TRACE] 2022-06-10 19:37:07.906 [main] XBeanDebug - Finished loading type system org.apache.xmlbeans.metadata.system.sXMLLANG
[TRACE] 2022-06-10 19:37:07.911 [main] XBeanDebug - Reading unresolved handles for type system org.apache.xmlbeans.metadata.system.sXMLCONFIG
[TRACE] 2022-06-10 19:37:07.917 [main] XBeanDebug - Finished loading type system org.apache.xmlbeans.metadata.system.sXMLCONFIG
[TRACE] 2022-06-10 19:37:07.923 [main] XBeanDebug - Reading unresolved handles for type system org.apache.poi.schemas.ooxml.system.ooxml
[TRACE] 2022-06-10 19:37:08.205 [main] XBeanDebug - Finished loading type system org.apache.poi.schemas.ooxml.system.ooxml
[TRACE] 2022-06-10 19:37:08.209 [main] XBeanDebug - Resolving type for handle stylesheet5d8bdoctype
[TRACE] 2022-06-10 19:37:08.510 [main] XBeanDebug - Resolving type for handle ctstylesheet4257type
[TRACE] 2022-06-10 19:37:08.529 [main] XBeanDebug - Resolving type for handle ctnumfmtsb58btype
[TRACE] 2022-06-10 19:37:08.541 [main] XBeanDebug - Resolving type for handle ctnumfmt3870type
[TRACE] 2022-06-10 19:37:08.547 [main] XBeanDebug - Resolving type for handle stnumfmtid76fbtype
[TRACE] 2022-06-10 19:37:08.581 [main] XBeanDebug - Resolving type for handle stxstringf179type
[TRACE] 2022-06-10 19:37:08.591 [main] XBeanDebug - Resolving type for handle ctfonts6623type
[TRACE] 2022-06-10 19:37:08.603 [main] XBeanDebug - Resolving type for handle ctfont14d8type
[TRACE] 2022-06-10 19:37:08.639 [main] XBeanDebug - Resolving type for handle ctfills2c6ftype
[TRACE] 2022-06-10 19:37:08.649 [main] XBeanDebug - Resolving type for handle ctfill550ctype
[TRACE] 2022-06-10 19:37:08.663 [main] XBeanDebug - Resolving type for handle ctborders0d66type
[TRACE] 2022-06-10 19:37:08.675 [main] XBeanDebug - Resolving type for handle ctborderf935type
[TRACE] 2022-06-10 19:37:08.688 [main] XBeanDebug - Resolving type for handle ctcellxfs1322type
[TRACE] 2022-06-10 19:37:08.704 [main] XBeanDebug - Resolving type for handle ctxf97f7type
[TRACE] 2022-06-10 19:37:08.717 [main] XBeanDebug - Resolving type for handle ctcellstylexfsa81ftype
[TRACE] 2022-06-10 19:37:08.739 [main] XBeanDebug - Resolving type for handle sstf81fdoctype
[TRACE] 2022-06-10 19:37:08.771 [main] XBeanDebug - Resolving type for handle ctsst44f3type
[TRACE] 2022-06-10 19:37:08.790 [main] XBeanDebug - Resolving type for handle ctrsta472type
[TRACE] 2022-06-10 19:37:08.862 [main] XBeanDebug - Resolving type for handle workbookec17doctype
[TRACE] 2022-06-10 19:37:08.902 [main] XBeanDebug - Resolving type for handle ctworkbook83c3type
[TRACE] 2022-06-10 19:37:08.925 [main] XBeanDebug - Resolving type for handle ctsheets49fdtype
[TRACE] 2022-06-10 19:37:08.937 [main] XBeanDebug - Resolving type for handle ctsheet4dbetype
[TRACE] 2022-06-10 19:37:08.946 [main] XBeanDebug - Resolving type for handle strelationshipid1e94type
[TRACE] 2022-06-10 19:37:08.957 [main] XBeanDebug - Resolving type for handle worksheetf539doctype
[TRACE] 2022-06-10 19:37:08.981 [main] XBeanDebug - Resolving type for handle ctworksheet530dtype
[TRACE] 2022-06-10 19:37:09.024 [main] XBeanDebug - Resolving type for handle ctsheetdata8408type
[TRACE] 2022-06-10 19:37:09.033 [main] XBeanDebug - Resolving type for handle ctrowdd39type
[TRACE] 2022-06-10 19:37:09.058 [main] XBeanDebug - Resolving type for handle ctcell842btype
[TRACE] 2022-06-10 19:37:09.084 [main] XBeanDebug - Resolving type for handle stcellrefe4e0type
[TRACE] 2022-06-10 19:37:09.121 [main] XBeanDebug - Resolving type for handle ctcols627ctype
[TRACE] 2022-06-10 19:37:09.147 [main] XBeanDebug - Resolving type for handle ctcola95ftype
[TRACE] 2022-06-10 19:37:09.336 [main] XBeanDebug - Resolving type for handle stcelltypebf95type
[DEBUG] 2022-06-10 19:38:08.644 [main] PackageRelationshipCollection - Parsing relationship: /xl/_rels/workbook.xml.rels
[DEBUG] 2022-06-10 19:38:08.706 [main] PackageRelationshipCollection - Parsing relationship: /_rels/.rels
[TRACE] 2022-06-10 19:38:09.644 [main] XBeanDebug - Loading type system org.apache.poi.schemas.ooxml.system.ooxml
[TRACE] 2022-06-10 19:38:09.660 [main] XBeanDebug - Loading type system org.apache.xmlbeans.metadata.system.sXMLCONFIG
[TRACE] 2022-06-10 19:38:09.667 [main] XBeanDebug - Loading type system org.apache.xmlbeans.metadata.system.sXMLLANG
[TRACE] 2022-06-10 19:38:09.676 [main] XBeanDebug - Loading type system org.apache.xmlbeans.metadata.system.sXMLSCHEMA
[TRACE] 2022-06-10 19:38:09.683 [main] XBeanDebug - Loading type system org.apache.xmlbeans.metadata.system.sXMLTOOLS
[TRACE] 2022-06-10 19:38:09.697 [main] XBeanDebug - Reading unresolved handles for type system org.apache.xmlbeans.metadata.system.sXMLTOOLS
[TRACE] 2022-06-10 19:38:09.789 [main] XBeanDebug - Finished loading type system org.apache.xmlbeans.metadata.system.sXMLTOOLS
[TRACE] 2022-06-10 19:38:09.792 [main] XBeanDebug - Reading unresolved handles for type system org.apache.xmlbeans.metadata.system.sXMLSCHEMA
[TRACE] 2022-06-10 19:38:09.855 [main] XBeanDebug - Finished loading type system org.apache.xmlbeans.metadata.system.sXMLSCHEMA
[TRACE] 2022-06-10 19:38:09.860 [main] XBeanDebug - Reading unresolved handles for type system org.apache.xmlbeans.metadata.system.sXMLLANG
[TRACE] 2022-06-10 19:38:09.870 [main] XBeanDebug - Finished loading type system org.apache.xmlbeans.metadata.system.sXMLLANG
[TRACE] 2022-06-10 19:38:09.874 [main] XBeanDebug - Reading unresolved handles for type system org.apache.xmlbeans.metadata.system.sXMLCONFIG
[TRACE] 2022-06-10 19:38:09.880 [main] XBeanDebug - Finished loading type system org.apache.xmlbeans.metadata.system.sXMLCONFIG
[TRACE] 2022-06-10 19:38:09.888 [main] XBeanDebug - Reading unresolved handles for type system org.apache.poi.schemas.ooxml.system.ooxml
[TRACE] 2022-06-10 19:38:10.138 [main] XBeanDebug - Finished loading type system org.apache.poi.schemas.ooxml.system.ooxml
[TRACE] 2022-06-10 19:38:10.143 [main] XBeanDebug - Resolving type for handle stylesheet5d8bdoctype
[TRACE] 2022-06-10 19:38:10.426 [main] XBeanDebug - Resolving type for handle ctstylesheet4257type
[TRACE] 2022-06-10 19:38:10.465 [main] XBeanDebug - Resolving type for handle ctnumfmtsb58btype
[TRACE] 2022-06-10 19:38:10.478 [main] XBeanDebug - Resolving type for handle ctnumfmt3870type
[TRACE] 2022-06-10 19:38:10.492 [main] XBeanDebug - Resolving type for handle stnumfmtid76fbtype
[TRACE] 2022-06-10 19:38:10.532 [main] XBeanDebug - Resolving type for handle stxstringf179type
[TRACE] 2022-06-10 19:38:10.558 [main] XBeanDebug - Resolving type for handle ctfonts6623type
[TRACE] 2022-06-10 19:38:10.576 [main] XBeanDebug - Resolving type for handle ctfont14d8type
[TRACE] 2022-06-10 19:38:10.603 [main] XBeanDebug - Resolving type for handle ctfills2c6ftype
[TRACE] 2022-06-10 19:38:10.612 [main] XBeanDebug - Resolving type for handle ctfill550ctype
[TRACE] 2022-06-10 19:38:10.622 [main] XBeanDebug - Resolving type for handle ctborders0d66type
[TRACE] 2022-06-10 19:38:10.633 [main] XBeanDebug - Resolving type for handle ctborderf935type
[TRACE] 2022-06-10 19:38:10.649 [main] XBeanDebug - Resolving type for handle ctcellxfs1322type
[TRACE] 2022-06-10 19:38:10.666 [main] XBeanDebug - Resolving type for handle ctxf97f7type
[TRACE] 2022-06-10 19:38:10.679 [main] XBeanDebug - Resolving type for handle ctcellstylexfsa81ftype
[TRACE] 2022-06-10 19:38:10.702 [main] XBeanDebug - Resolving type for handle sstf81fdoctype
[TRACE] 2022-06-10 19:38:10.721 [main] XBeanDebug - Resolving type for handle ctsst44f3type
[TRACE] 2022-06-10 19:38:10.740 [main] XBeanDebug - Resolving type for handle ctrsta472type
[TRACE] 2022-06-10 19:38:10.803 [main] XBeanDebug - Resolving type for handle workbookec17doctype
[TRACE] 2022-06-10 19:38:10.871 [main] XBeanDebug - Resolving type for handle ctworkbook83c3type
[TRACE] 2022-06-10 19:38:10.894 [main] XBeanDebug - Resolving type for handle ctsheets49fdtype
[TRACE] 2022-06-10 19:38:10.907 [main] XBeanDebug - Resolving type for handle ctsheet4dbetype
[TRACE] 2022-06-10 19:38:10.916 [main] XBeanDebug - Resolving type for handle strelationshipid1e94type
[TRACE] 2022-06-10 19:38:10.926 [main] XBeanDebug - Resolving type for handle worksheetf539doctype
[TRACE] 2022-06-10 19:38:10.952 [main] XBeanDebug - Resolving type for handle ctworksheet530dtype
[TRACE] 2022-06-10 19:38:10.992 [main] XBeanDebug - Resolving type for handle ctsheetdata8408type
[TRACE] 2022-06-10 19:38:11.005 [main] XBeanDebug - Resolving type for handle ctrowdd39type
[TRACE] 2022-06-10 19:38:11.026 [main] XBeanDebug - Resolving type for handle ctcell842btype
[TRACE] 2022-06-10 19:38:11.057 [main] XBeanDebug - Resolving type for handle stcellrefe4e0type
[TRACE] 2022-06-10 19:38:11.092 [main] XBeanDebug - Resolving type for handle ctcols627ctype
[TRACE] 2022-06-10 19:38:11.156 [main] XBeanDebug - Resolving type for handle ctcola95ftype
[TRACE] 2022-06-10 19:38:11.306 [main] XBeanDebug - Resolving type for handle stcelltypebf95type
[DEBUG] 2022-06-10 19:50:27.513 [main] PackageRelationshipCollection - Parsing relationship: /xl/_rels/workbook.xml.rels
[DEBUG] 2022-06-10 19:50:27.564 [main] PackageRelationshipCollection - Parsing relationship: /_rels/.rels
[TRACE] 2022-06-10 19:50:28.545 [main] XBeanDebug - Loading type system org.apache.poi.schemas.ooxml.system.ooxml
[TRACE] 2022-06-10 19:50:28.561 [main] XBeanDebug - Loading type system org.apache.xmlbeans.metadata.system.sXMLCONFIG
[TRACE] 2022-06-10 19:50:28.569 [main] XBeanDebug - Loading type system org.apache.xmlbeans.metadata.system.sXMLLANG
[TRACE] 2022-06-10 19:50:28.582 [main] XBeanDebug - Loading type system org.apache.xmlbeans.metadata.system.sXMLSCHEMA
[TRACE] 2022-06-10 19:50:28.591 [main] XBeanDebug - Loading type system org.apache.xmlbeans.metadata.system.sXMLTOOLS
[TRACE] 2022-06-10 19:50:28.600 [main] XBeanDebug - Reading unresolved handles for type system org.apache.xmlbeans.metadata.system.sXMLTOOLS
[TRACE] 2022-06-10 19:50:28.699 [main] XBeanDebug - Finished loading type system org.apache.xmlbeans.metadata.system.sXMLTOOLS
[TRACE] 2022-06-10 19:50:28.706 [main] XBeanDebug - Reading unresolved handles for type system org.apache.xmlbeans.metadata.system.sXMLSCHEMA
[TRACE] 2022-06-10 19:50:28.770 [main] XBeanDebug - Finished loading type system org.apache.xmlbeans.metadata.system.sXMLSCHEMA
[TRACE] 2022-06-10 19:50:28.778 [main] XBeanDebug - Reading unresolved handles for type system org.apache.xmlbeans.metadata.system.sXMLLANG
[TRACE] 2022-06-10 19:50:28.784 [main] XBeanDebug - Finished loading type system org.apache.xmlbeans.metadata.system.sXMLLANG
[TRACE] 2022-06-10 19:50:28.788 [main] XBeanDebug - Reading unresolved handles for type system org.apache.xmlbeans.metadata.system.sXMLCONFIG
[TRACE] 2022-06-10 19:50:28.794 [main] XBeanDebug - Finished loading type system org.apache.xmlbeans.metadata.system.sXMLCONFIG
[TRACE] 2022-06-10 19:50:28.801 [main] XBeanDebug - Reading unresolved handles for type system org.apache.poi.schemas.ooxml.system.ooxml
[TRACE] 2022-06-10 19:50:29.083 [main] XBeanDebug - Finished loading type system org.apache.poi.schemas.ooxml.system.ooxml
[TRACE] 2022-06-10 19:50:29.088 [main] XBeanDebug - Resolving type for handle stylesheet5d8bdoctype
[TRACE] 2022-06-10 19:50:29.333 [main] XBeanDebug - Resolving type for handle ctstylesheet4257type
[TRACE] 2022-06-10 19:50:29.352 [main] XBeanDebug - Resolving type for handle ctnumfmtsb58btype
[TRACE] 2022-06-10 19:50:29.363 [main] XBeanDebug - Resolving type for handle ctnumfmt3870type
[TRACE] 2022-06-10 19:50:29.369 [main] XBeanDebug - Resolving type for handle stnumfmtid76fbtype
[TRACE] 2022-06-10 19:50:29.397 [main] XBeanDebug - Resolving type for handle stxstringf179type
[TRACE] 2022-06-10 19:50:29.406 [main] XBeanDebug - Resolving type for handle ctfonts6623type
[TRACE] 2022-06-10 19:50:29.419 [main] XBeanDebug - Resolving type for handle ctfont14d8type
[TRACE] 2022-06-10 19:50:29.448 [main] XBeanDebug - Resolving type for handle ctfills2c6ftype
[TRACE] 2022-06-10 19:50:29.466 [main] XBeanDebug - Resolving type for handle ctfill550ctype
[TRACE] 2022-06-10 19:50:29.477 [main] XBeanDebug - Resolving type for handle ctborders0d66type
[TRACE] 2022-06-10 19:50:29.487 [main] XBeanDebug - Resolving type for handle ctborderf935type
[TRACE] 2022-06-10 19:50:29.502 [main] XBeanDebug - Resolving type for handle ctcellxfs1322type
[TRACE] 2022-06-10 19:50:29.516 [main] XBeanDebug - Resolving type for handle ctxf97f7type
[TRACE] 2022-06-10 19:50:29.529 [main] XBeanDebug - Resolving type for handle ctcellstylexfsa81ftype
[TRACE] 2022-06-10 19:50:29.563 [main] XBeanDebug - Resolving type for handle sstf81fdoctype
[TRACE] 2022-06-10 19:50:29.586 [main] XBeanDebug - Resolving type for handle ctsst44f3type
[TRACE] 2022-06-10 19:50:29.605 [main] XBeanDebug - Resolving type for handle ctrsta472type
[TRACE] 2022-06-10 19:50:29.677 [main] XBeanDebug - Resolving type for handle workbookec17doctype
[TRACE] 2022-06-10 19:50:29.732 [main] XBeanDebug - Resolving type for handle ctworkbook83c3type
[TRACE] 2022-06-10 19:50:29.752 [main] XBeanDebug - Resolving type for handle ctsheets49fdtype
[TRACE] 2022-06-10 19:50:29.763 [main] XBeanDebug - Resolving type for handle ctsheet4dbetype
[TRACE] 2022-06-10 19:50:29.773 [main] XBeanDebug - Resolving type for handle strelationshipid1e94type
[TRACE] 2022-06-10 19:50:29.784 [main] XBeanDebug - Resolving type for handle worksheetf539doctype
[TRACE] 2022-06-10 19:50:29.805 [main] XBeanDebug - Resolving type for handle ctworksheet530dtype
[TRACE] 2022-06-10 19:50:29.831 [main] XBeanDebug - Resolving type for handle ctsheetdata8408type
[TRACE] 2022-06-10 19:50:29.843 [main] XBeanDebug - Resolving type for handle ctrowdd39type
[TRACE] 2022-06-10 19:50:29.861 [main] XBeanDebug - Resolving type for handle ctcell842btype
[TRACE] 2022-06-10 19:50:29.889 [main] XBeanDebug - Resolving type for handle stcellrefe4e0type
[TRACE] 2022-06-10 19:50:29.922 [main] XBeanDebug - Resolving type for handle ctcols627ctype
[TRACE] 2022-06-10 19:50:29.954 [main] XBeanDebug - Resolving type for handle ctcola95ftype
[TRACE] 2022-06-10 19:50:30.080 [main] XBeanDebug - Resolving type for handle stcelltypebf95type
[DEBUG] 2022-06-10 19:51:23.958 [main] PackageRelationshipCollection - Parsing relationship: /xl/_rels/workbook.xml.rels
[DEBUG] 2022-06-10 19:51:24.011 [main] PackageRelationshipCollection - Parsing relationship: /_rels/.rels
[TRACE] 2022-06-10 19:51:24.967 [main] XBeanDebug - Loading type system org.apache.poi.schemas.ooxml.system.ooxml
[TRACE] 2022-06-10 19:51:24.996 [main] XBeanDebug - Loading type system org.apache.xmlbeans.metadata.system.sXMLCONFIG
[TRACE] 2022-06-10 19:51:25.004 [main] XBeanDebug - Loading type system org.apache.xmlbeans.metadata.system.sXMLLANG
[TRACE] 2022-06-10 19:51:25.023 [main] XBeanDebug - Loading type system org.apache.xmlbeans.metadata.system.sXMLSCHEMA
[TRACE] 2022-06-10 19:51:25.042 [main] XBeanDebug - Loading type system org.apache.xmlbeans.metadata.system.sXMLTOOLS
[TRACE] 2022-06-10 19:51:25.054 [main] XBeanDebug - Reading unresolved handles for type system org.apache.xmlbeans.metadata.system.sXMLTOOLS
[TRACE] 2022-06-10 19:51:25.141 [main] XBeanDebug - Finished loading type system org.apache.xmlbeans.metadata.system.sXMLTOOLS
[TRACE] 2022-06-10 19:51:25.144 [main] XBeanDebug - Reading unresolved handles for type system org.apache.xmlbeans.metadata.system.sXMLSCHEMA
[TRACE] 2022-06-10 19:51:25.209 [main] XBeanDebug - Finished loading type system org.apache.xmlbeans.metadata.system.sXMLSCHEMA
[TRACE] 2022-06-10 19:51:25.214 [main] XBeanDebug - Reading unresolved handles for type system org.apache.xmlbeans.metadata.system.sXMLLANG
[TRACE] 2022-06-10 19:51:25.221 [main] XBeanDebug - Finished loading type system org.apache.xmlbeans.metadata.system.sXMLLANG
[TRACE] 2022-06-10 19:51:25.225 [main] XBeanDebug - Reading unresolved handles for type system org.apache.xmlbeans.metadata.system.sXMLCONFIG
[TRACE] 2022-06-10 19:51:25.230 [main] XBeanDebug - Finished loading type system org.apache.xmlbeans.metadata.system.sXMLCONFIG
[TRACE] 2022-06-10 19:51:25.238 [main] XBeanDebug - Reading unresolved handles for type system org.apache.poi.schemas.ooxml.system.ooxml
[TRACE] 2022-06-10 19:51:25.536 [main] XBeanDebug - Finished loading type system org.apache.poi.schemas.ooxml.system.ooxml
[TRACE] 2022-06-10 19:51:25.541 [main] XBeanDebug - Resolving type for handle stylesheet5d8bdoctype
[TRACE] 2022-06-10 19:51:25.782 [main] XBeanDebug - Resolving type for handle ctstylesheet4257type
[TRACE] 2022-06-10 19:51:25.801 [main] XBeanDebug - Resolving type for handle ctnumfmtsb58btype
[TRACE] 2022-06-10 19:51:25.813 [main] XBeanDebug - Resolving type for handle ctnumfmt3870type
[TRACE] 2022-06-10 19:51:25.819 [main] XBeanDebug - Resolving type for handle stnumfmtid76fbtype
[TRACE] 2022-06-10 19:51:25.851 [main] XBeanDebug - Resolving type for handle stxstringf179type
[TRACE] 2022-06-10 19:51:25.861 [main] XBeanDebug - Resolving type for handle ctfonts6623type
[TRACE] 2022-06-10 19:51:25.877 [main] XBeanDebug - Resolving type for handle ctfont14d8type
[TRACE] 2022-06-10 19:51:25.917 [main] XBeanDebug - Resolving type for handle ctfills2c6ftype
[TRACE] 2022-06-10 19:51:25.929 [main] XBeanDebug - Resolving type for handle ctfill550ctype
[TRACE] 2022-06-10 19:51:25.941 [main] XBeanDebug - Resolving type for handle ctborders0d66type
[TRACE] 2022-06-10 19:51:25.952 [main] XBeanDebug - Resolving type for handle ctborderf935type
[TRACE] 2022-06-10 19:51:25.967 [main] XBeanDebug - Resolving type for handle ctcellxfs1322type
[TRACE] 2022-06-10 19:51:25.979 [main] XBeanDebug - Resolving type for handle ctxf97f7type
[TRACE] 2022-06-10 19:51:25.995 [main] XBeanDebug - Resolving type for handle ctcellstylexfsa81ftype
[TRACE] 2022-06-10 19:51:26.029 [main] XBeanDebug - Resolving type for handle sstf81fdoctype
[TRACE] 2022-06-10 19:51:26.054 [main] XBeanDebug - Resolving type for handle ctsst44f3type
[TRACE] 2022-06-10 19:51:26.074 [main] XBeanDebug - Resolving type for handle ctrsta472type
[TRACE] 2022-06-10 19:51:26.134 [main] XBeanDebug - Resolving type for handle workbookec17doctype
[TRACE] 2022-06-10 19:51:26.209 [main] XBeanDebug - Resolving type for handle ctworkbook83c3type
[TRACE] 2022-06-10 19:51:26.230 [main] XBeanDebug - Resolving type for handle ctsheets49fdtype
[TRACE] 2022-06-10 19:51:26.243 [main] XBeanDebug - Resolving type for handle ctsheet4dbetype
[TRACE] 2022-06-10 19:51:26.254 [main] XBeanDebug - Resolving type for handle strelationshipid1e94type
[TRACE] 2022-06-10 19:51:26.264 [main] XBeanDebug - Resolving type for handle worksheetf539doctype
[TRACE] 2022-06-10 19:51:26.285 [main] XBeanDebug - Resolving type for handle ctworksheet530dtype
[TRACE] 2022-06-10 19:51:26.322 [main] XBeanDebug - Resolving type for handle ctsheetdata8408type
[TRACE] 2022-06-10 19:51:26.332 [main] XBeanDebug - Resolving type for handle ctrowdd39type
[TRACE] 2022-06-10 19:51:26.352 [main] XBeanDebug - Resolving type for handle ctcell842btype
[TRACE] 2022-06-10 19:51:26.378 [main] XBeanDebug - Resolving type for handle stcellrefe4e0type
[TRACE] 2022-06-10 19:51:26.414 [main] XBeanDebug - Resolving type for handle ctcols627ctype
[TRACE] 2022-06-10 19:51:26.443 [main] XBeanDebug - Resolving type for handle ctcola95ftype
[TRACE] 2022-06-10 19:51:26.576 [main] XBeanDebug - Resolving type for handle stcelltypebf95type
[DEBUG] 2022-06-10 19:57:41.348 [main] PackageRelationshipCollection - Parsing relationship: /xl/_rels/workbook.xml.rels
[DEBUG] 2022-06-10 19:57:41.400 [main] PackageRelationshipCollection - Parsing relationship: /_rels/.rels
[TRACE] 2022-06-10 19:57:42.431 [main] XBeanDebug - Loading type system org.apache.poi.schemas.ooxml.system.ooxml
[TRACE] 2022-06-10 19:57:42.452 [main] XBeanDebug - Loading type system org.apache.xmlbeans.metadata.system.sXMLCONFIG
[TRACE] 2022-06-10 19:57:42.460 [main] XBeanDebug - Loading type system org.apache.xmlbeans.metadata.system.sXMLLANG
[TRACE] 2022-06-10 19:57:42.469 [main] XBeanDebug - Loading type system org.apache.xmlbeans.metadata.system.sXMLSCHEMA
[TRACE] 2022-06-10 19:57:42.477 [main] XBeanDebug - Loading type system org.apache.xmlbeans.metadata.system.sXMLTOOLS
[TRACE] 2022-06-10 19:57:42.501 [main] XBeanDebug - Reading unresolved handles for type system org.apache.xmlbeans.metadata.system.sXMLTOOLS
[TRACE] 2022-06-10 19:57:42.586 [main] XBeanDebug - Finished loading type system org.apache.xmlbeans.metadata.system.sXMLTOOLS
[TRACE] 2022-06-10 19:57:42.600 [main] XBeanDebug - Reading unresolved handles for type system org.apache.xmlbeans.metadata.system.sXMLSCHEMA
[TRACE] 2022-06-10 19:57:42.663 [main] XBeanDebug - Finished loading type system org.apache.xmlbeans.metadata.system.sXMLSCHEMA
[TRACE] 2022-06-10 19:57:42.669 [main] XBeanDebug - Reading unresolved handles for type system org.apache.xmlbeans.metadata.system.sXMLLANG
[TRACE] 2022-06-10 19:57:42.676 [main] XBeanDebug - Finished loading type system org.apache.xmlbeans.metadata.system.sXMLLANG
[TRACE] 2022-06-10 19:57:42.680 [main] XBeanDebug - Reading unresolved handles for type system org.apache.xmlbeans.metadata.system.sXMLCONFIG
[TRACE] 2022-06-10 19:57:42.687 [main] XBeanDebug - Finished loading type system org.apache.xmlbeans.metadata.system.sXMLCONFIG
[TRACE] 2022-06-10 19:57:42.694 [main] XBeanDebug - Reading unresolved handles for type system org.apache.poi.schemas.ooxml.system.ooxml
[TRACE] 2022-06-10 19:57:42.982 [main] XBeanDebug - Finished loading type system org.apache.poi.schemas.ooxml.system.ooxml
[TRACE] 2022-06-10 19:57:42.989 [main] XBeanDebug - Resolving type for handle stylesheet5d8bdoctype
[TRACE] 2022-06-10 19:57:43.213 [main] XBeanDebug - Resolving type for handle ctstylesheet4257type
[TRACE] 2022-06-10 19:57:43.232 [main] XBeanDebug - Resolving type for handle ctnumfmtsb58btype
[TRACE] 2022-06-10 19:57:43.242 [main] XBeanDebug - Resolving type for handle ctnumfmt3870type
[TRACE] 2022-06-10 19:57:43.248 [main] XBeanDebug - Resolving type for handle stnumfmtid76fbtype
[TRACE] 2022-06-10 19:57:43.278 [main] XBeanDebug - Resolving type for handle stxstringf179type
[TRACE] 2022-06-10 19:57:43.288 [main] XBeanDebug - Resolving type for handle ctfonts6623type
[TRACE] 2022-06-10 19:57:43.303 [main] XBeanDebug - Resolving type for handle ctfont14d8type
[TRACE] 2022-06-10 19:57:43.331 [main] XBeanDebug - Resolving type for handle ctfills2c6ftype
[TRACE] 2022-06-10 19:57:43.348 [main] XBeanDebug - Resolving type for handle ctfill550ctype
[TRACE] 2022-06-10 19:57:43.361 [main] XBeanDebug - Resolving type for handle ctborders0d66type
[TRACE] 2022-06-10 19:57:43.374 [main] XBeanDebug - Resolving type for handle ctborderf935type
[TRACE] 2022-06-10 19:57:43.395 [main] XBeanDebug - Resolving type for handle ctcellxfs1322type
[TRACE] 2022-06-10 19:57:43.412 [main] XBeanDebug - Resolving type for handle ctxf97f7type
[TRACE] 2022-06-10 19:57:43.428 [main] XBeanDebug - Resolving type for handle ctcellstylexfsa81ftype
[TRACE] 2022-06-10 19:57:43.450 [main] XBeanDebug - Resolving type for handle sstf81fdoctype
[TRACE] 2022-06-10 19:57:43.471 [main] XBeanDebug - Resolving type for handle ctsst44f3type
[TRACE] 2022-06-10 19:57:43.507 [main] XBeanDebug - Resolving type for handle ctrsta472type
[TRACE] 2022-06-10 19:57:43.589 [main] XBeanDebug - Resolving type for handle workbookec17doctype
[TRACE] 2022-06-10 19:57:43.655 [main] XBeanDebug - Resolving type for handle ctworkbook83c3type
[TRACE] 2022-06-10 19:57:43.676 [main] XBeanDebug - Resolving type for handle ctsheets49fdtype
[TRACE] 2022-06-10 19:57:43.687 [main] XBeanDebug - Resolving type for handle ctsheet4dbetype
[TRACE] 2022-06-10 19:57:43.696 [main] XBeanDebug - Resolving type for handle strelationshipid1e94type
[TRACE] 2022-06-10 19:57:43.705 [main] XBeanDebug - Resolving type for handle worksheetf539doctype
[TRACE] 2022-06-10 19:57:43.745 [main] XBeanDebug - Resolving type for handle ctworksheet530dtype
[TRACE] 2022-06-10 19:57:43.774 [main] XBeanDebug - Resolving type for handle ctsheetdata8408type
[TRACE] 2022-06-10 19:57:43.784 [main] XBeanDebug - Resolving type for handle ctrowdd39type
[TRACE] 2022-06-10 19:57:43.802 [main] XBeanDebug - Resolving type for handle ctcell842btype
[TRACE] 2022-06-10 19:57:43.833 [main] XBeanDebug - Resolving type for handle stcellrefe4e0type
[TRACE] 2022-06-10 19:57:43.868 [main] XBeanDebug - Resolving type for handle ctcols627ctype
[TRACE] 2022-06-10 19:57:43.892 [main] XBeanDebug - Resolving type for handle ctcola95ftype
[TRACE] 2022-06-10 19:57:44.028 [main] XBeanDebug - Resolving type for handle stcelltypebf95type
[DEBUG] 2022-06-10 19:58:52.484 [main] PackageRelationshipCollection - Parsing relationship: /xl/_rels/workbook.xml.rels
[DEBUG] 2022-06-10 19:58:52.556 [main] PackageRelationshipCollection - Parsing relationship: /_rels/.rels
[TRACE] 2022-06-10 19:58:53.495 [main] XBeanDebug - Loading type system org.apache.poi.schemas.ooxml.system.ooxml
[TRACE] 2022-06-10 19:58:53.510 [main] XBeanDebug - Loading type system org.apache.xmlbeans.metadata.system.sXMLCONFIG
[TRACE] 2022-06-10 19:58:53.525 [main] XBeanDebug - Loading type system org.apache.xmlbeans.metadata.system.sXMLLANG
[TRACE] 2022-06-10 19:58:53.533 [main] XBeanDebug - Loading type system org.apache.xmlbeans.metadata.system.sXMLSCHEMA
[TRACE] 2022-06-10 19:58:53.540 [main] XBeanDebug - Loading type system org.apache.xmlbeans.metadata.system.sXMLTOOLS
[TRACE] 2022-06-10 19:58:53.550 [main] XBeanDebug - Reading unresolved handles for type system org.apache.xmlbeans.metadata.system.sXMLTOOLS
[TRACE] 2022-06-10 19:58:53.616 [main] XBeanDebug - Finished loading type system org.apache.xmlbeans.metadata.system.sXMLTOOLS
[TRACE] 2022-06-10 19:58:53.622 [main] XBeanDebug - Reading unresolved handles for type system org.apache.xmlbeans.metadata.system.sXMLSCHEMA
[TRACE] 2022-06-10 19:58:53.670 [main] XBeanDebug - Finished loading type system org.apache.xmlbeans.metadata.system.sXMLSCHEMA
[TRACE] 2022-06-10 19:58:53.676 [main] XBeanDebug - Reading unresolved handles for type system org.apache.xmlbeans.metadata.system.sXMLLANG
[TRACE] 2022-06-10 19:58:53.683 [main] XBeanDebug - Finished loading type system org.apache.xmlbeans.metadata.system.sXMLLANG
[TRACE] 2022-06-10 19:58:53.687 [main] XBeanDebug - Reading unresolved handles for type system org.apache.xmlbeans.metadata.system.sXMLCONFIG
[TRACE] 2022-06-10 19:58:53.694 [main] XBeanDebug - Finished loading type system org.apache.xmlbeans.metadata.system.sXMLCONFIG
[TRACE] 2022-06-10 19:58:53.702 [main] XBeanDebug - Reading unresolved handles for type system org.apache.poi.schemas.ooxml.system.ooxml
[TRACE] 2022-06-10 19:58:53.980 [main] XBeanDebug - Finished loading type system org.apache.poi.schemas.ooxml.system.ooxml
[TRACE] 2022-06-10 19:58:53.984 [main] XBeanDebug - Resolving type for handle stylesheet5d8bdoctype
[TRACE] 2022-06-10 19:58:54.226 [main] XBeanDebug - Resolving type for handle ctstylesheet4257type
[TRACE] 2022-06-10 19:58:54.245 [main] XBeanDebug - Resolving type for handle ctnumfmtsb58btype
[TRACE] 2022-06-10 19:58:54.256 [main] XBeanDebug - Resolving type for handle ctnumfmt3870type
[TRACE] 2022-06-10 19:58:54.263 [main] XBeanDebug - Resolving type for handle stnumfmtid76fbtype
[TRACE] 2022-06-10 19:58:54.293 [main] XBeanDebug - Resolving type for handle stxstringf179type
[TRACE] 2022-06-10 19:58:54.306 [main] XBeanDebug - Resolving type for handle ctfonts6623type
[TRACE] 2022-06-10 19:58:54.321 [main] XBeanDebug - Resolving type for handle ctfont14d8type
[TRACE] 2022-06-10 19:58:54.354 [main] XBeanDebug - Resolving type for handle ctfills2c6ftype
[TRACE] 2022-06-10 19:58:54.365 [main] XBeanDebug - Resolving type for handle ctfill550ctype
[TRACE] 2022-06-10 19:58:54.377 [main] XBeanDebug - Resolving type for handle ctborders0d66type
[TRACE] 2022-06-10 19:58:54.388 [main] XBeanDebug - Resolving type for handle ctborderf935type
[TRACE] 2022-06-10 19:58:54.404 [main] XBeanDebug - Resolving type for handle ctcellxfs1322type
[TRACE] 2022-06-10 19:58:54.423 [main] XBeanDebug - Resolving type for handle ctxf97f7type
[TRACE] 2022-06-10 19:58:54.440 [main] XBeanDebug - Resolving type for handle ctcellstylexfsa81ftype
[TRACE] 2022-06-10 19:58:54.460 [main] XBeanDebug - Resolving type for handle sstf81fdoctype
[TRACE] 2022-06-10 19:58:54.478 [main] XBeanDebug - Resolving type for handle ctsst44f3type
[TRACE] 2022-06-10 19:58:54.498 [main] XBeanDebug - Resolving type for handle ctrsta472type
[TRACE] 2022-06-10 19:58:54.563 [main] XBeanDebug - Resolving type for handle workbookec17doctype
[TRACE] 2022-06-10 19:58:54.606 [main] XBeanDebug - Resolving type for handle ctworkbook83c3type
[TRACE] 2022-06-10 19:58:54.639 [main] XBeanDebug - Resolving type for handle ctsheets49fdtype
[TRACE] 2022-06-10 19:58:54.652 [main] XBeanDebug - Resolving type for handle ctsheet4dbetype
[TRACE] 2022-06-10 19:58:54.689 [main] XBeanDebug - Resolving type for handle strelationshipid1e94type
[TRACE] 2022-06-10 19:58:54.707 [main] XBeanDebug - Resolving type for handle worksheetf539doctype
[TRACE] 2022-06-10 19:58:54.808 [main] XBeanDebug - Resolving type for handle ctworksheet530dtype
[TRACE] 2022-06-10 19:58:54.855 [main] XBeanDebug - Resolving type for handle ctsheetdata8408type
[TRACE] 2022-06-10 19:58:54.877 [main] XBeanDebug - Resolving type for handle ctrowdd39type
[TRACE] 2022-06-10 19:58:54.901 [main] XBeanDebug - Resolving type for handle ctcell842btype
[TRACE] 2022-06-10 19:58:54.960 [main] XBeanDebug - Resolving type for handle stcellrefe4e0type
[TRACE] 2022-06-10 19:58:55.029 [main] XBeanDebug - Resolving type for handle ctcols627ctype
[TRACE] 2022-06-10 19:58:55.056 [main] XBeanDebug - Resolving type for handle ctcola95ftype
[TRACE] 2022-06-10 19:58:55.204 [main] XBeanDebug - Resolving type for handle stcelltypebf95type
[DEBUG] 2022-06-10 20:05:09.696 [main] PackageRelationshipCollection - Parsing relationship: /xl/_rels/workbook.xml.rels
[DEBUG] 2022-06-10 20:05:09.748 [main] PackageRelationshipCollection - Parsing relationship: /_rels/.rels
[TRACE] 2022-06-10 20:05:10.767 [main] XBeanDebug - Loading type system org.apache.poi.schemas.ooxml.system.ooxml
[TRACE] 2022-06-10 20:05:10.788 [main] XBeanDebug - Loading type system org.apache.xmlbeans.metadata.system.sXMLCONFIG
[TRACE] 2022-06-10 20:05:10.797 [main] XBeanDebug - Loading type system org.apache.xmlbeans.metadata.system.sXMLLANG
[TRACE] 2022-06-10 20:05:10.808 [main] XBeanDebug - Loading type system org.apache.xmlbeans.metadata.system.sXMLSCHEMA
[TRACE] 2022-06-10 20:05:10.817 [main] XBeanDebug - Loading type system org.apache.xmlbeans.metadata.system.sXMLTOOLS
[TRACE] 2022-06-10 20:05:10.829 [main] XBeanDebug - Reading unresolved handles for type system org.apache.xmlbeans.metadata.system.sXMLTOOLS
[TRACE] 2022-06-10 20:05:10.916 [main] XBeanDebug - Finished loading type system org.apache.xmlbeans.metadata.system.sXMLTOOLS
[TRACE] 2022-06-10 20:05:10.920 [main] XBeanDebug - Reading unresolved handles for type system org.apache.xmlbeans.metadata.system.sXMLSCHEMA
[TRACE] 2022-06-10 20:05:10.978 [main] XBeanDebug - Finished loading type system org.apache.xmlbeans.metadata.system.sXMLSCHEMA
[TRACE] 2022-06-10 20:05:10.984 [main] XBeanDebug - Reading unresolved handles for type system org.apache.xmlbeans.metadata.system.sXMLLANG
[TRACE] 2022-06-10 20:05:10.990 [main] XBeanDebug - Finished loading type system org.apache.xmlbeans.metadata.system.sXMLLANG
[TRACE] 2022-06-10 20:05:10.994 [main] XBeanDebug - Reading unresolved handles for type system org.apache.xmlbeans.metadata.system.sXMLCONFIG
[TRACE] 2022-06-10 20:05:11.000 [main] XBeanDebug - Finished loading type system org.apache.xmlbeans.metadata.system.sXMLCONFIG
[TRACE] 2022-06-10 20:05:11.007 [main] XBeanDebug - Reading unresolved handles for type system org.apache.poi.schemas.ooxml.system.ooxml
[TRACE] 2022-06-10 20:05:11.268 [main] XBeanDebug - Finished loading type system org.apache.poi.schemas.ooxml.system.ooxml
[TRACE] 2022-06-10 20:05:11.272 [main] XBeanDebug - Resolving type for handle stylesheet5d8bdoctype
[TRACE] 2022-06-10 20:05:11.513 [main] XBeanDebug - Resolving type for handle ctstylesheet4257type
[TRACE] 2022-06-10 20:05:11.531 [main] XBeanDebug - Resolving type for handle ctnumfmtsb58btype
[TRACE] 2022-06-10 20:05:11.544 [main] XBeanDebug - Resolving type for handle ctnumfmt3870type
[TRACE] 2022-06-10 20:05:11.551 [main] XBeanDebug - Resolving type for handle stnumfmtid76fbtype
[TRACE] 2022-06-10 20:05:11.579 [main] XBeanDebug - Resolving type for handle stxstringf179type
[TRACE] 2022-06-10 20:05:11.589 [main] XBeanDebug - Resolving type for handle ctfonts6623type
[TRACE] 2022-06-10 20:05:11.602 [main] XBeanDebug - Resolving type for handle ctfont14d8type
[TRACE] 2022-06-10 20:05:11.632 [main] XBeanDebug - Resolving type for handle ctfills2c6ftype
[TRACE] 2022-06-10 20:05:11.649 [main] XBeanDebug - Resolving type for handle ctfill550ctype
[TRACE] 2022-06-10 20:05:11.659 [main] XBeanDebug - Resolving type for handle ctborders0d66type
[TRACE] 2022-06-10 20:05:11.669 [main] XBeanDebug - Resolving type for handle ctborderf935type
[TRACE] 2022-06-10 20:05:11.682 [main] XBeanDebug - Resolving type for handle ctcellxfs1322type
[TRACE] 2022-06-10 20:05:11.705 [main] XBeanDebug - Resolving type for handle ctxf97f7type
[TRACE] 2022-06-10 20:05:11.718 [main] XBeanDebug - Resolving type for handle ctcellstylexfsa81ftype
[TRACE] 2022-06-10 20:05:11.745 [main] XBeanDebug - Resolving type for handle sstf81fdoctype
[TRACE] 2022-06-10 20:05:11.766 [main] XBeanDebug - Resolving type for handle ctsst44f3type
[TRACE] 2022-06-10 20:05:11.787 [main] XBeanDebug - Resolving type for handle ctrsta472type
[TRACE] 2022-06-10 20:05:11.846 [main] XBeanDebug - Resolving type for handle workbookec17doctype
[TRACE] 2022-06-10 20:05:11.916 [main] XBeanDebug - Resolving type for handle ctworkbook83c3type
[TRACE] 2022-06-10 20:05:11.944 [main] XBeanDebug - Resolving type for handle ctsheets49fdtype
[TRACE] 2022-06-10 20:05:11.959 [main] XBeanDebug - Resolving type for handle ctsheet4dbetype
[TRACE] 2022-06-10 20:05:11.981 [main] XBeanDebug - Resolving type for handle strelationshipid1e94type
[TRACE] 2022-06-10 20:05:11.992 [main] XBeanDebug - Resolving type for handle worksheetf539doctype
[TRACE] 2022-06-10 20:05:12.123 [main] XBeanDebug - Resolving type for handle ctworksheet530dtype
[TRACE] 2022-06-10 20:05:12.170 [main] XBeanDebug - Resolving type for handle ctsheetdata8408type
[TRACE] 2022-06-10 20:05:12.197 [main] XBeanDebug - Resolving type for handle ctrowdd39type
[TRACE] 2022-06-10 20:05:12.223 [main] XBeanDebug - Resolving type for handle ctcell842btype
[TRACE] 2022-06-10 20:05:12.257 [main] XBeanDebug - Resolving type for handle stcellrefe4e0type
[TRACE] 2022-06-10 20:05:12.291 [main] XBeanDebug - Resolving type for handle ctcols627ctype
[TRACE] 2022-06-10 20:05:12.323 [main] XBeanDebug - Resolving type for handle ctcola95ftype
[TRACE] 2022-06-10 20:05:12.455 [main] XBeanDebug - Resolving type for handle stcelltypebf95type
[DEBUG] 2022-06-10 20:07:34.597 [main] PackageRelationshipCollection - Parsing relationship: /xl/_rels/workbook.xml.rels
[DEBUG] 2022-06-10 20:07:34.650 [main] PackageRelationshipCollection - Parsing relationship: /_rels/.rels
[TRACE] 2022-06-10 20:07:36.153 [main] XBeanDebug - Loading type system org.apache.poi.schemas.ooxml.system.ooxml
[TRACE] 2022-06-10 20:07:36.185 [main] XBeanDebug - Loading type system org.apache.xmlbeans.metadata.system.sXMLCONFIG
[TRACE] 2022-06-10 20:07:36.192 [main] XBeanDebug - Loading type system org.apache.xmlbeans.metadata.system.sXMLLANG
[TRACE] 2022-06-10 20:07:36.201 [main] XBeanDebug - Loading type system org.apache.xmlbeans.metadata.system.sXMLSCHEMA
[TRACE] 2022-06-10 20:07:36.209 [main] XBeanDebug - Loading type system org.apache.xmlbeans.metadata.system.sXMLTOOLS
[TRACE] 2022-06-10 20:07:36.220 [main] XBeanDebug - Reading unresolved handles for type system org.apache.xmlbeans.metadata.system.sXMLTOOLS
[TRACE] 2022-06-10 20:07:36.340 [main] XBeanDebug - Finished loading type system org.apache.xmlbeans.metadata.system.sXMLTOOLS
[TRACE] 2022-06-10 20:07:36.344 [main] XBeanDebug - Reading unresolved handles for type system org.apache.xmlbeans.metadata.system.sXMLSCHEMA
[TRACE] 2022-06-10 20:07:36.389 [main] XBeanDebug - Finished loading type system org.apache.xmlbeans.metadata.system.sXMLSCHEMA
[TRACE] 2022-06-10 20:07:36.396 [main] XBeanDebug - Reading unresolved handles for type system org.apache.xmlbeans.metadata.system.sXMLLANG
[TRACE] 2022-06-10 20:07:36.404 [main] XBeanDebug - Finished loading type system org.apache.xmlbeans.metadata.system.sXMLLANG
[TRACE] 2022-06-10 20:07:36.408 [main] XBeanDebug - Reading unresolved handles for type system org.apache.xmlbeans.metadata.system.sXMLCONFIG
[TRACE] 2022-06-10 20:07:36.414 [main] XBeanDebug - Finished loading type system org.apache.xmlbeans.metadata.system.sXMLCONFIG
[TRACE] 2022-06-10 20:07:36.419 [main] XBeanDebug - Reading unresolved handles for type system org.apache.poi.schemas.ooxml.system.ooxml
[TRACE] 2022-06-10 20:07:36.711 [main] XBeanDebug - Finished loading type system org.apache.poi.schemas.ooxml.system.ooxml
[TRACE] 2022-06-10 20:07:36.722 [main] XBeanDebug - Resolving type for handle stylesheet5d8bdoctype
[TRACE] 2022-06-10 20:07:37.087 [main] XBeanDebug - Resolving type for handle ctstylesheet4257type
[TRACE] 2022-06-10 20:07:37.161 [main] XBeanDebug - Resolving type for handle ctnumfmtsb58btype
[TRACE] 2022-06-10 20:07:37.204 [main] XBeanDebug - Resolving type for handle ctnumfmt3870type
[TRACE] 2022-06-10 20:07:37.227 [main] XBeanDebug - Resolving type for handle stnumfmtid76fbtype
[TRACE] 2022-06-10 20:07:37.303 [main] XBeanDebug - Resolving type for handle stxstringf179type
[TRACE] 2022-06-10 20:07:37.336 [main] XBeanDebug - Resolving type for handle ctfonts6623type
[TRACE] 2022-06-10 20:07:37.367 [main] XBeanDebug - Resolving type for handle ctfont14d8type
[TRACE] 2022-06-10 20:07:37.426 [main] XBeanDebug - Resolving type for handle ctfills2c6ftype
[TRACE] 2022-06-10 20:07:37.461 [main] XBeanDebug - Resolving type for handle ctfill550ctype
[TRACE] 2022-06-10 20:07:37.475 [main] XBeanDebug - Resolving type for handle ctborders0d66type
[TRACE] 2022-06-10 20:07:37.512 [main] XBeanDebug - Resolving type for handle ctborderf935type
[TRACE] 2022-06-10 20:07:37.555 [main] XBeanDebug - Resolving type for handle ctcellxfs1322type
[TRACE] 2022-06-10 20:07:37.603 [main] XBeanDebug - Resolving type for handle ctxf97f7type
[TRACE] 2022-06-10 20:07:37.623 [main] XBeanDebug - Resolving type for handle ctcellstylexfsa81ftype
[TRACE] 2022-06-10 20:07:37.651 [main] XBeanDebug - Resolving type for handle sstf81fdoctype
[TRACE] 2022-06-10 20:07:37.698 [main] XBeanDebug - Resolving type for handle ctsst44f3type
[TRACE] 2022-06-10 20:07:37.724 [main] XBeanDebug - Resolving type for handle ctrsta472type
[TRACE] 2022-06-10 20:07:37.797 [main] XBeanDebug - Resolving type for handle workbookec17doctype
[TRACE] 2022-06-10 20:07:37.884 [main] XBeanDebug - Resolving type for handle ctworkbook83c3type
[TRACE] 2022-06-10 20:07:37.943 [main] XBeanDebug - Resolving type for handle ctsheets49fdtype
[TRACE] 2022-06-10 20:07:37.988 [main] XBeanDebug - Resolving type for handle ctsheet4dbetype
[TRACE] 2022-06-10 20:07:38.002 [main] XBeanDebug - Resolving type for handle strelationshipid1e94type
[TRACE] 2022-06-10 20:07:38.034 [main] XBeanDebug - Resolving type for handle worksheetf539doctype
[TRACE] 2022-06-10 20:07:38.068 [main] XBeanDebug - Resolving type for handle ctworksheet530dtype
[TRACE] 2022-06-10 20:07:38.103 [main] XBeanDebug - Resolving type for handle ctsheetdata8408type
[TRACE] 2022-06-10 20:07:38.131 [main] XBeanDebug - Resolving type for handle ctrowdd39type
[TRACE] 2022-06-10 20:07:38.198 [main] XBeanDebug - Resolving type for handle ctcell842btype
[TRACE] 2022-06-10 20:07:38.277 [main] XBeanDebug - Resolving type for handle stcellrefe4e0type
[TRACE] 2022-06-10 20:07:38.367 [main] XBeanDebug - Resolving type for handle ctcols627ctype
[TRACE] 2022-06-10 20:07:38.440 [main] XBeanDebug - Resolving type for handle ctcola95ftype
[TRACE] 2022-06-10 20:07:38.680 [main] XBeanDebug - Resolving type for handle stcelltypebf95type
[DEBUG] 2022-06-10 20:12:42.745 [main] PackageRelationshipCollection - Parsing relationship: /xl/_rels/workbook.xml.rels
[DEBUG] 2022-06-10 20:12:42.789 [main] PackageRelationshipCollection - Parsing relationship: /_rels/.rels
[TRACE] 2022-06-10 20:12:43.819 [main] XBeanDebug - Loading type system org.apache.poi.schemas.ooxml.system.ooxml
[TRACE] 2022-06-10 20:12:43.836 [main] XBeanDebug - Loading type system org.apache.xmlbeans.metadata.system.sXMLCONFIG
[TRACE] 2022-06-10 20:12:43.844 [main] XBeanDebug - Loading type system org.apache.xmlbeans.metadata.system.sXMLLANG
[TRACE] 2022-06-10 20:12:43.852 [main] XBeanDebug - Loading type system org.apache.xmlbeans.metadata.system.sXMLSCHEMA
[TRACE] 2022-06-10 20:12:43.862 [main] XBeanDebug - Loading type system org.apache.xmlbeans.metadata.system.sXMLTOOLS
[TRACE] 2022-06-10 20:12:43.872 [main] XBeanDebug - Reading unresolved handles for type system org.apache.xmlbeans.metadata.system.sXMLTOOLS
[TRACE] 2022-06-10 20:12:43.954 [main] XBeanDebug - Finished loading type system org.apache.xmlbeans.metadata.system.sXMLTOOLS
[TRACE] 2022-06-10 20:12:43.958 [main] XBeanDebug - Reading unresolved handles for type system org.apache.xmlbeans.metadata.system.sXMLSCHEMA
[TRACE] 2022-06-10 20:12:44.027 [main] XBeanDebug - Finished loading type system org.apache.xmlbeans.metadata.system.sXMLSCHEMA
[TRACE] 2022-06-10 20:12:44.034 [main] XBeanDebug - Reading unresolved handles for type system org.apache.xmlbeans.metadata.system.sXMLLANG
[TRACE] 2022-06-10 20:12:44.045 [main] XBeanDebug - Finished loading type system org.apache.xmlbeans.metadata.system.sXMLLANG
[TRACE] 2022-06-10 20:12:44.050 [main] XBeanDebug - Reading unresolved handles for type system org.apache.xmlbeans.metadata.system.sXMLCONFIG
[TRACE] 2022-06-10 20:12:44.057 [main] XBeanDebug - Finished loading type system org.apache.xmlbeans.metadata.system.sXMLCONFIG
[TRACE] 2022-06-10 20:12:44.065 [main] XBeanDebug - Reading unresolved handles for type system org.apache.poi.schemas.ooxml.system.ooxml
[TRACE] 2022-06-10 20:12:44.385 [main] XBeanDebug - Finished loading type system org.apache.poi.schemas.ooxml.system.ooxml
[TRACE] 2022-06-10 20:12:44.411 [main] XBeanDebug - Resolving type for handle stylesheet5d8bdoctype
[TRACE] 2022-06-10 20:12:44.768 [main] XBeanDebug - Resolving type for handle ctstylesheet4257type
[TRACE] 2022-06-10 20:12:44.788 [main] XBeanDebug - Resolving type for handle ctnumfmtsb58btype
[TRACE] 2022-06-10 20:12:44.802 [main] XBeanDebug - Resolving type for handle ctnumfmt3870type
[TRACE] 2022-06-10 20:12:44.809 [main] XBeanDebug - Resolving type for handle stnumfmtid76fbtype
[TRACE] 2022-06-10 20:12:44.839 [main] XBeanDebug - Resolving type for handle stxstringf179type
[TRACE] 2022-06-10 20:12:44.850 [main] XBeanDebug - Resolving type for handle ctfonts6623type
[TRACE] 2022-06-10 20:12:44.864 [main] XBeanDebug - Resolving type for handle ctfont14d8type
[TRACE] 2022-06-10 20:12:44.898 [main] XBeanDebug - Resolving type for handle ctfills2c6ftype
[TRACE] 2022-06-10 20:12:44.919 [main] XBeanDebug - Resolving type for handle ctfill550ctype
[TRACE] 2022-06-10 20:12:44.939 [main] XBeanDebug - Resolving type for handle ctborders0d66type
[TRACE] 2022-06-10 20:12:44.951 [main] XBeanDebug - Resolving type for handle ctborderf935type
[TRACE] 2022-06-10 20:12:44.968 [main] XBeanDebug - Resolving type for handle ctcellxfs1322type
[TRACE] 2022-06-10 20:12:44.980 [main] XBeanDebug - Resolving type for handle ctxf97f7type
[TRACE] 2022-06-10 20:12:44.994 [main] XBeanDebug - Resolving type for handle ctcellstylexfsa81ftype
[TRACE] 2022-06-10 20:12:45.017 [main] XBeanDebug - Resolving type for handle sstf81fdoctype
[TRACE] 2022-06-10 20:12:45.041 [main] XBeanDebug - Resolving type for handle ctsst44f3type
[TRACE] 2022-06-10 20:12:45.064 [main] XBeanDebug - Resolving type for handle ctrsta472type
[TRACE] 2022-06-10 20:12:45.137 [main] XBeanDebug - Resolving type for handle workbookec17doctype
[TRACE] 2022-06-10 20:12:45.173 [main] XBeanDebug - Resolving type for handle ctworkbook83c3type
[TRACE] 2022-06-10 20:12:45.204 [main] XBeanDebug - Resolving type for handle ctsheets49fdtype
[TRACE] 2022-06-10 20:12:45.216 [main] XBeanDebug - Resolving type for handle ctsheet4dbetype
[TRACE] 2022-06-10 20:12:45.237 [main] XBeanDebug - Resolving type for handle strelationshipid1e94type
[TRACE] 2022-06-10 20:12:45.247 [main] XBeanDebug - Resolving type for handle worksheetf539doctype
[TRACE] 2022-06-10 20:12:45.268 [main] XBeanDebug - Resolving type for handle ctworksheet530dtype
[TRACE] 2022-06-10 20:12:45.302 [main] XBeanDebug - Resolving type for handle ctsheetdata8408type
[TRACE] 2022-06-10 20:12:45.313 [main] XBeanDebug - Resolving type for handle ctrowdd39type
[TRACE] 2022-06-10 20:12:45.332 [main] XBeanDebug - Resolving type for handle ctcell842btype
[TRACE] 2022-06-10 20:12:45.361 [main] XBeanDebug - Resolving type for handle stcellrefe4e0type
[TRACE] 2022-06-10 20:12:45.392 [main] XBeanDebug - Resolving type for handle ctcols627ctype
[TRACE] 2022-06-10 20:12:45.419 [main] XBeanDebug - Resolving type for handle ctcola95ftype
[TRACE] 2022-06-10 20:12:45.544 [main] XBeanDebug - Resolving type for handle stcelltypebf95type
[DEBUG] 2022-06-10 20:15:00.325 [main] PackageRelationshipCollection - Parsing relationship: /xl/_rels/workbook.xml.rels
[DEBUG] 2022-06-10 20:15:00.373 [main] PackageRelationshipCollection - Parsing relationship: /_rels/.rels
[TRACE] 2022-06-10 20:15:01.501 [main] XBeanDebug - Loading type system org.apache.poi.schemas.ooxml.system.ooxml
[TRACE] 2022-06-10 20:15:01.541 [main] XBeanDebug - Loading type system org.apache.xmlbeans.metadata.system.sXMLCONFIG
[TRACE] 2022-06-10 20:15:01.550 [main] XBeanDebug - Loading type system org.apache.xmlbeans.metadata.system.sXMLLANG
[TRACE] 2022-06-10 20:15:01.583 [main] XBeanDebug - Loading type system org.apache.xmlbeans.metadata.system.sXMLSCHEMA
[TRACE] 2022-06-10 20:15:01.596 [main] XBeanDebug - Loading type system org.apache.xmlbeans.metadata.system.sXMLTOOLS
[TRACE] 2022-06-10 20:15:01.610 [main] XBeanDebug - Reading unresolved handles for type system org.apache.xmlbeans.metadata.system.sXMLTOOLS
[TRACE] 2022-06-10 20:15:01.727 [main] XBeanDebug - Finished loading type system org.apache.xmlbeans.metadata.system.sXMLTOOLS
[TRACE] 2022-06-10 20:15:01.734 [main] XBeanDebug - Reading unresolved handles for type system org.apache.xmlbeans.metadata.system.sXMLSCHEMA
[TRACE] 2022-06-10 20:15:01.814 [main] XBeanDebug - Finished loading type system org.apache.xmlbeans.metadata.system.sXMLSCHEMA
[TRACE] 2022-06-10 20:15:01.822 [main] XBeanDebug - Reading unresolved handles for type system org.apache.xmlbeans.metadata.system.sXMLLANG
[TRACE] 2022-06-10 20:15:01.832 [main] XBeanDebug - Finished loading type system org.apache.xmlbeans.metadata.system.sXMLLANG
[TRACE] 2022-06-10 20:15:01.840 [main] XBeanDebug - Reading unresolved handles for type system org.apache.xmlbeans.metadata.system.sXMLCONFIG
[TRACE] 2022-06-10 20:15:01.848 [main] XBeanDebug - Finished loading type system org.apache.xmlbeans.metadata.system.sXMLCONFIG
[TRACE] 2022-06-10 20:15:01.859 [main] XBeanDebug - Reading unresolved handles for type system org.apache.poi.schemas.ooxml.system.ooxml
[TRACE] 2022-06-10 20:15:02.188 [main] XBeanDebug - Finished loading type system org.apache.poi.schemas.ooxml.system.ooxml
[TRACE] 2022-06-10 20:15:02.192 [main] XBeanDebug - Resolving type for handle stylesheet5d8bdoctype
[TRACE] 2022-06-10 20:15:02.443 [main] XBeanDebug - Resolving type for handle ctstylesheet4257type
[TRACE] 2022-06-10 20:15:02.474 [main] XBeanDebug - Resolving type for handle ctnumfmtsb58btype
[TRACE] 2022-06-10 20:15:02.485 [main] XBeanDebug - Resolving type for handle ctnumfmt3870type
[TRACE] 2022-06-10 20:15:02.503 [main] XBeanDebug - Resolving type for handle stnumfmtid76fbtype
[TRACE] 2022-06-10 20:15:02.535 [main] XBeanDebug - Resolving type for handle stxstringf179type
[TRACE] 2022-06-10 20:15:02.546 [main] XBeanDebug - Resolving type for handle ctfonts6623type
[TRACE] 2022-06-10 20:15:02.561 [main] XBeanDebug - Resolving type for handle ctfont14d8type
[TRACE] 2022-06-10 20:15:02.587 [main] XBeanDebug - Resolving type for handle ctfills2c6ftype
[TRACE] 2022-06-10 20:15:02.608 [main] XBeanDebug - Resolving type for handle ctfill550ctype
[TRACE] 2022-06-10 20:15:02.618 [main] XBeanDebug - Resolving type for handle ctborders0d66type
[TRACE] 2022-06-10 20:15:02.631 [main] XBeanDebug - Resolving type for handle ctborderf935type
[TRACE] 2022-06-10 20:15:02.647 [main] XBeanDebug - Resolving type for handle ctcellxfs1322type
[TRACE] 2022-06-10 20:15:02.659 [main] XBeanDebug - Resolving type for handle ctxf97f7type
[TRACE] 2022-06-10 20:15:02.680 [main] XBeanDebug - Resolving type for handle ctcellstylexfsa81ftype
[TRACE] 2022-06-10 20:15:02.703 [main] XBeanDebug - Resolving type for handle sstf81fdoctype
[TRACE] 2022-06-10 20:15:03.013 [main] XBeanDebug - Resolving type for handle ctsst44f3type
[TRACE] 2022-06-10 20:15:03.125 [main] XBeanDebug - Resolving type for handle ctrsta472type
[TRACE] 2022-06-10 20:15:03.242 [main] XBeanDebug - Resolving type for handle workbookec17doctype
[TRACE] 2022-06-10 20:15:03.320 [main] XBeanDebug - Resolving type for handle ctworkbook83c3type
[TRACE] 2022-06-10 20:15:03.342 [main] XBeanDebug - Resolving type for handle ctsheets49fdtype
[TRACE] 2022-06-10 20:15:03.366 [main] XBeanDebug - Resolving type for handle ctsheet4dbetype
[TRACE] 2022-06-10 20:15:03.377 [main] XBeanDebug - Resolving type for handle strelationshipid1e94type
[TRACE] 2022-06-10 20:15:03.385 [main] XBeanDebug - Resolving type for handle worksheetf539doctype
[TRACE] 2022-06-10 20:15:03.414 [main] XBeanDebug - Resolving type for handle ctworksheet530dtype
[TRACE] 2022-06-10 20:15:03.451 [main] XBeanDebug - Resolving type for handle ctsheetdata8408type
[TRACE] 2022-06-10 20:15:03.465 [main] XBeanDebug - Resolving type for handle ctrowdd39type
[TRACE] 2022-06-10 20:15:03.511 [main] XBeanDebug - Resolving type for handle ctcell842btype
[TRACE] 2022-06-10 20:15:03.583 [main] XBeanDebug - Resolving type for handle stcellrefe4e0type
[TRACE] 2022-06-10 20:15:03.633 [main] XBeanDebug - Resolving type for handle ctcols627ctype
[TRACE] 2022-06-10 20:15:03.682 [main] XBeanDebug - Resolving type for handle ctcola95ftype
[TRACE] 2022-06-10 20:15:04.015 [main] XBeanDebug - Resolving type for handle stcelltypebf95type
[DEBUG] 2022-06-10 20:16:42.982 [main] PackageRelationshipCollection - Parsing relationship: /xl/_rels/workbook.xml.rels
[DEBUG] 2022-06-10 20:16:43.037 [main] PackageRelationshipCollection - Parsing relationship: /_rels/.rels
[TRACE] 2022-06-10 20:16:44.070 [main] XBeanDebug - Loading type system org.apache.poi.schemas.ooxml.system.ooxml
[TRACE] 2022-06-10 20:16:44.103 [main] XBeanDebug - Loading type system org.apache.xmlbeans.metadata.system.sXMLCONFIG
[TRACE] 2022-06-10 20:16:44.113 [main] XBeanDebug - Loading type system org.apache.xmlbeans.metadata.system.sXMLLANG
[TRACE] 2022-06-10 20:16:44.122 [main] XBeanDebug - Loading type system org.apache.xmlbeans.metadata.system.sXMLSCHEMA
[TRACE] 2022-06-10 20:16:44.130 [main] XBeanDebug - Loading type system org.apache.xmlbeans.metadata.system.sXMLTOOLS
[TRACE] 2022-06-10 20:16:44.143 [main] XBeanDebug - Reading unresolved handles for type system org.apache.xmlbeans.metadata.system.sXMLTOOLS
[TRACE] 2022-06-10 20:16:44.254 [main] XBeanDebug - Finished loading type system org.apache.xmlbeans.metadata.system.sXMLTOOLS
[TRACE] 2022-06-10 20:16:44.262 [main] XBeanDebug - Reading unresolved handles for type system org.apache.xmlbeans.metadata.system.sXMLSCHEMA
[TRACE] 2022-06-10 20:16:44.320 [main] XBeanDebug - Finished loading type system org.apache.xmlbeans.metadata.system.sXMLSCHEMA
[TRACE] 2022-06-10 20:16:44.325 [main] XBeanDebug - Reading unresolved handles for type system org.apache.xmlbeans.metadata.system.sXMLLANG
[TRACE] 2022-06-10 20:16:44.331 [main] XBeanDebug - Finished loading type system org.apache.xmlbeans.metadata.system.sXMLLANG
[TRACE] 2022-06-10 20:16:44.337 [main] XBeanDebug - Reading unresolved handles for type system org.apache.xmlbeans.metadata.system.sXMLCONFIG
[TRACE] 2022-06-10 20:16:44.343 [main] XBeanDebug - Finished loading type system org.apache.xmlbeans.metadata.system.sXMLCONFIG
[TRACE] 2022-06-10 20:16:44.351 [main] XBeanDebug - Reading unresolved handles for type system org.apache.poi.schemas.ooxml.system.ooxml
[TRACE] 2022-06-10 20:16:44.664 [main] XBeanDebug - Finished loading type system org.apache.poi.schemas.ooxml.system.ooxml
[TRACE] 2022-06-10 20:16:44.670 [main] XBeanDebug - Resolving type for handle stylesheet5d8bdoctype
[TRACE] 2022-06-10 20:16:44.930 [main] XBeanDebug - Resolving type for handle ctstylesheet4257type
[TRACE] 2022-06-10 20:16:44.950 [main] XBeanDebug - Resolving type for handle ctnumfmtsb58btype
[TRACE] 2022-06-10 20:16:44.965 [main] XBeanDebug - Resolving type for handle ctnumfmt3870type
[TRACE] 2022-06-10 20:16:44.971 [main] XBeanDebug - Resolving type for handle stnumfmtid76fbtype
[TRACE] 2022-06-10 20:16:45.005 [main] XBeanDebug - Resolving type for handle stxstringf179type
[TRACE] 2022-06-10 20:16:45.019 [main] XBeanDebug - Resolving type for handle ctfonts6623type
[TRACE] 2022-06-10 20:16:45.058 [main] XBeanDebug - Resolving type for handle ctfont14d8type
[TRACE] 2022-06-10 20:16:45.085 [main] XBeanDebug - Resolving type for handle ctfills2c6ftype
[TRACE] 2022-06-10 20:16:45.098 [main] XBeanDebug - Resolving type for handle ctfill550ctype
[TRACE] 2022-06-10 20:16:45.115 [main] XBeanDebug - Resolving type for handle ctborders0d66type
[TRACE] 2022-06-10 20:16:45.128 [main] XBeanDebug - Resolving type for handle ctborderf935type
[TRACE] 2022-06-10 20:16:45.149 [main] XBeanDebug - Resolving type for handle ctcellxfs1322type
[TRACE] 2022-06-10 20:16:45.164 [main] XBeanDebug - Resolving type for handle ctxf97f7type
[TRACE] 2022-06-10 20:16:45.179 [main] XBeanDebug - Resolving type for handle ctcellstylexfsa81ftype
[TRACE] 2022-06-10 20:16:45.202 [main] XBeanDebug - Resolving type for handle sstf81fdoctype
[TRACE] 2022-06-10 20:16:45.231 [main] XBeanDebug - Resolving type for handle ctsst44f3type
[TRACE] 2022-06-10 20:16:45.255 [main] XBeanDebug - Resolving type for handle ctrsta472type
[TRACE] 2022-06-10 20:16:45.334 [main] XBeanDebug - Resolving type for handle workbookec17doctype
[TRACE] 2022-06-10 20:16:45.397 [main] XBeanDebug - Resolving type for handle ctworkbook83c3type
[TRACE] 2022-06-10 20:16:45.419 [main] XBeanDebug - Resolving type for handle ctsheets49fdtype
[TRACE] 2022-06-10 20:16:45.430 [main] XBeanDebug - Resolving type for handle ctsheet4dbetype
[TRACE] 2022-06-10 20:16:45.442 [main] XBeanDebug - Resolving type for handle strelationshipid1e94type
[TRACE] 2022-06-10 20:16:45.451 [main] XBeanDebug - Resolving type for handle worksheetf539doctype
[TRACE] 2022-06-10 20:16:45.478 [main] XBeanDebug - Resolving type for handle ctworksheet530dtype
[TRACE] 2022-06-10 20:16:45.521 [main] XBeanDebug - Resolving type for handle ctsheetdata8408type
[TRACE] 2022-06-10 20:16:45.534 [main] XBeanDebug - Resolving type for handle ctrowdd39type
[TRACE] 2022-06-10 20:16:45.552 [main] XBeanDebug - Resolving type for handle ctcell842btype
[TRACE] 2022-06-10 20:16:45.582 [main] XBeanDebug - Resolving type for handle stcellrefe4e0type
[TRACE] 2022-06-10 20:16:45.611 [main] XBeanDebug - Resolving type for handle ctcols627ctype
[TRACE] 2022-06-10 20:16:45.643 [main] XBeanDebug - Resolving type for handle ctcola95ftype
[TRACE] 2022-06-10 20:16:45.790 [main] XBeanDebug - Resolving type for handle stcelltypebf95type
